  [1m[36m (16.0ms)[0m  [1mCREATE TABLE "schema_migrations" ("version" character varying NOT NULL) [0m
  [1m[35m (3.0ms)[0m  CREATE UNIQUE INDEX  "unique_schema_migrations" ON "schema_migrations"  ("version")
  [1m[36mActiveRecord::SchemaMigration Load (0.6ms)[0m  [1mSELECT "schema_migrations".* FROM "schema_migrations"[0m


Started GET "/" for 10.0.2.2 at 2015-09-29 13:02:41 +0000
Processing by Rails::WelcomeController#index as HTML
  Rendered /home/vagrant/.rbenv/versions/2.2.1/lib/ruby/gems/2.2.0/gems/railties-4.2.4/lib/rails/templates/rails/welcome/index.html.erb (2.0ms)
Completed 200 OK in 12ms (Views: 11.0ms | ActiveRecord: 0.0ms)


Started GET "/" for 10.0.2.2 at 2015-09-29 13:34:46 +0000
Processing by Rails::WelcomeController#index as HTML
  Rendered /home/vagrant/.rbenv/versions/2.2.1/lib/ruby/gems/2.2.0/gems/railties-4.2.4/lib/rails/templates/rails/welcome/index.html.erb (3.2ms)
Completed 200 OK in 12ms (Views: 11.9ms | ActiveRecord: 0.0ms)


Started GET "/" for 10.0.2.2 at 2015-09-29 13:41:51 +0000
Processing by Rails::WelcomeController#index as HTML
  Rendered /home/vagrant/.rbenv/versions/2.2.1/lib/ruby/gems/2.2.0/gems/railties-4.2.4/lib/rails/templates/rails/welcome/index.html.erb (0.0ms)
Completed 200 OK in 1ms (Views: 1.2ms | ActiveRecord: 0.0ms)


Started GET "/" for 10.0.2.2 at 2015-09-29 14:02:21 +0000
Processing by Rails::WelcomeController#index as HTML
  Rendered /home/vagrant/.rbenv/versions/2.2.1/lib/ruby/gems/2.2.0/gems/railties-4.2.4/lib/rails/templates/rails/welcome/index.html.erb (1.7ms)
Completed 200 OK in 19ms (Views: 19.3ms | ActiveRecord: 0.0ms)


Started GET "/rails/info/properties" for 10.0.2.2 at 2015-09-29 14:02:22 +0000
Processing by Rails::InfoController#properties as */*
  [1m[36mActiveRecord::SchemaMigration Load (0.5ms)[0m  [1mSELECT "schema_migrations".* FROM "schema_migrations"[0m
  Rendered /home/vagrant/.rbenv/versions/2.2.1/lib/ruby/gems/2.2.0/gems/railties-4.2.4/lib/rails/templates/rails/info/properties.html.erb (0.4ms)
Completed 200 OK in 53ms (Views: 6.4ms | ActiveRecord: 3.0ms)


Started GET "/" for 10.0.2.2 at 2015-10-30 13:22:42 +0000
  [1m[36mActiveRecord::SchemaMigration Load (1.8ms)[0m  [1mSELECT "schema_migrations".* FROM "schema_migrations"[0m
Processing by Rails::WelcomeController#index as HTML
  Rendered /home/vagrant/.rbenv/versions/2.2.1/lib/ruby/gems/2.2.0/gems/railties-4.2.4/lib/rails/templates/rails/welcome/index.html.erb (3.6ms)
Completed 200 OK in 27ms (Views: 26.7ms | ActiveRecord: 0.0ms)


Started GET "/v1/projects" for 10.0.2.2 at 2015-10-30 13:22:47 +0000
Processing by V1::ProjectsController#index as JSON
  [1m[35mProject Load (7.3ms)[0m  SELECT "projects".* FROM "projects"
  [1m[36mUser Load (9.1ms)[0m  [1mSELECT "users".* FROM "users" INNER JOIN "ownerships" ON "users"."id" = "ownerships"."user_id" WHERE "ownerships"."project_id" = $1[0m  [["project_id", 2]]
  [1m[35mUser Load (4.2ms)[0m  SELECT "users".* FROM "users" INNER JOIN "subscriptions" ON "users"."id" = "subscriptions"."user_id" WHERE "subscriptions"."project_id" = $1  [["project_id", 2]]
  [1m[36mUser Load (0.4ms)[0m  [1mSELECT "users".* FROM "users" INNER JOIN "ownerships" ON "users"."id" = "ownerships"."user_id" WHERE "ownerships"."project_id" = $1[0m  [["project_id", 1]]
  [1m[35mUser Load (0.5ms)[0m  SELECT "users".* FROM "users" INNER JOIN "subscriptions" ON "users"."id" = "subscriptions"."user_id" WHERE "subscriptions"."project_id" = $1  [["project_id", 1]]
  [1m[36mUser Load (0.5ms)[0m  [1mSELECT "users".* FROM "users" INNER JOIN "ownerships" ON "users"."id" = "ownerships"."user_id" WHERE "ownerships"."project_id" = $1[0m  [["project_id", 3]]
  [1m[35mUser Load (0.4ms)[0m  SELECT "users".* FROM "users" INNER JOIN "subscriptions" ON "users"."id" = "subscriptions"."user_id" WHERE "subscriptions"."project_id" = $1  [["project_id", 3]]
Completed 200 OK in 1012ms (Views: 981.5ms | ActiveRecord: 29.7ms)


Started GET "/" for 10.0.2.2 at 2015-11-04 12:26:12 +0000
  [1m[36mActiveRecord::SchemaMigration Load (2.3ms)[0m  [1mSELECT "schema_migrations".* FROM "schema_migrations"[0m
Processing by Rails::WelcomeController#index as HTML
  Rendered /home/vagrant/.rbenv/versions/2.2.1/lib/ruby/gems/2.2.0/gems/railties-4.2.4/lib/rails/templates/rails/welcome/index.html.erb (2.4ms)
Completed 200 OK in 14ms (Views: 13.4ms | ActiveRecord: 0.0ms)


Started GET "/v1/projects" for 10.0.2.2 at 2015-11-04 12:26:15 +0000
Processing by V1::ProjectsController#index as JSON
  [1m[35mProject Load (5.1ms)[0m  SELECT "projects".* FROM "projects"
  [1m[36mUser Load (6.2ms)[0m  [1mSELECT "users".* FROM "users" INNER JOIN "ownerships" ON "users"."id" = "ownerships"."user_id" WHERE "ownerships"."project_id" = $1[0m  [["project_id", 2]]
  [1m[35mUser Load (4.8ms)[0m  SELECT "users".* FROM "users" INNER JOIN "subscriptions" ON "users"."id" = "subscriptions"."user_id" WHERE "subscriptions"."project_id" = $1  [["project_id", 2]]
  [1m[36mUser Load (1.0ms)[0m  [1mSELECT "users".* FROM "users" INNER JOIN "ownerships" ON "users"."id" = "ownerships"."user_id" WHERE "ownerships"."project_id" = $1[0m  [["project_id", 1]]
  [1m[35mUser Load (0.6ms)[0m  SELECT "users".* FROM "users" INNER JOIN "subscriptions" ON "users"."id" = "subscriptions"."user_id" WHERE "subscriptions"."project_id" = $1  [["project_id", 1]]
  [1m[36mUser Load (0.6ms)[0m  [1mSELECT "users".* FROM "users" INNER JOIN "ownerships" ON "users"."id" = "ownerships"."user_id" WHERE "ownerships"."project_id" = $1[0m  [["project_id", 3]]
  [1m[35mUser Load (0.7ms)[0m  SELECT "users".* FROM "users" INNER JOIN "subscriptions" ON "users"."id" = "subscriptions"."user_id" WHERE "subscriptions"."project_id" = $1  [["project_id", 3]]
Completed 200 OK in 135ms (Views: 108.9ms | ActiveRecord: 25.1ms)
